<?xml version="1.0" encoding="UTF-8"?><testsuite errors="0" failures="0" name="Realizar validaciones de cálculos para el módulo CALCULADORA DE CREDITO PARA VIVIENDA" skipped="0" tests="10" time="179.87" timestamp="2020-07-11 08:11:19"><testcase name="Validar cálculos de crédito"/><testcase name="Validar función Tramitar crédito en prestamo"/><testcase name="Validar botones de Prestamo deshabilitado"/><testcase name="Validar monto mínimo de ingreso"/><testcase name="Validar cálculos de cuotas"/><testcase name="Validar función Tramitar crédito en cuotas"/><testcase name="Validar botones de Cuotas deshabilitado"/><testcase name="Validar monto mínimo de prestamo"/></testsuite>